Removed Pin From Net: NetName=24V Pin=C?-1
Removed Pin From Net: NetName=GND Pin=C?-2
Added Component: Designator=C?(ECPU1C154MA5)
Add component (AddParameter): Name = "Arrow Part Number"; Value = ""; VariantName = "[No Variations]"
Add component (AddParameter): Name = "Arrow Price/Stock"; Value = ""; VariantName = "[No Variations]"
Add component (AddParameter): Name = "Datasheet Link"; Value = "http://industrial.panasonic.com/cdbs/www-data/pdf/RDI0000/ABD0000C178.pdf"; VariantName = "[No Variations]"
Add component (AddParameter): Name = "Height"; Value = "1mm"; VariantName = "[No Variations]"
Add component (AddParameter): Name = "Manufacturer_Name"; Value = "Panasonic"; VariantName = "[No Variations]"
Add component (AddParameter): Name = "Manufacturer_Part_Number"; Value = "ECPU1C154MA5"; VariantName = "[No Variations]"
Add component (AddParameter): Name = "Mouser Part Number"; Value = ""; VariantName = "[No Variations]"
Add component (AddParameter): Name = "Mouser Price/Stock"; Value = ""; VariantName = "[No Variations]"
Added Pin To Net: NetName=24V Pin=C?-1
Added Pin To Net: NetName=GND Pin=C?-1
Added Pin To Net: NetName=+5 Pin=C?-2
Added Pin To Net: NetName=GND Pin=C?-2
Added Member To Class: ClassName=Shy-Mirror-revA Member=Component C? 04026W105KAT2A
Added Member To Class: ClassName=Shy-Mirror-revA Member=Component C? 04025A240GAT2A
Added Member To Class: ClassName=Shy-Mirror-revA Member=Component C? 04026W105KAT2A
Added Member To Class: ClassName=Shy-Mirror-revA Member=Component IC? 3403
Added Member To Class: ClassName=Shy-Mirror-revA Member=Component P? 61300811121
Added Member To Class: ClassName=Shy-Mirror-revA Member=Component R? CPF0402B20R5E1
